{
  "RSpec": {
    "coverage": {
      "/home/sebastian/Rails-Pipeline/tdd_rspec/spec/controllers/errors_controller_spec.rb": [
        1,
        null,
        1,
        null,
        null
      ],
      "/home/sebastian/Rails-Pipeline/tdd_rspec/spec/rails_helper.rb": [
        null,
        1,
        1,
        1,
        null,
        1,
        1,
        null,
        1,
        null,
        null,
        null,
        null,
        null,
        null,
        null,
        null,
        null,
        null,
        null,
        null,
        null,
        null,
        null,
        null,
        1,
        null,
        null,
        null,
        1,
        null,
        null,
        1,
        null,
        1,
        null,
        null,
        null,
        null,
        1,
        null,
        1,
        1,
        0,
        null,
        null,
        null,
        null,
        null,
        null,
        null,
        null,
        null,
        null,
        1,
        null,
        null,
        1,
        20,
        null,
        null,
        1,
        null,
        null,
        7,
        null,
        7,
        null,
        null,
        null,
        1,
        null,
        null,
        null,
        1,
        20,
        null,
        null,
        1,
        20,
        null,
        null,
        1,
        1,
        1,
        null,
        1,
        null,
        null,
        null,
        null,
        null,
        null,
        null,
        null,
        null,
        null,
        null,
        null,
        null,
        null,
        null,
        1,
        null,
        null,
        1,
        null,
        null,
        null,
        null,
        null
      ],
      "/home/sebastian/Rails-Pipeline/tdd_rspec/config/environment.rb": [
        null,
        1,
        null,
        null,
        1
      ],
      "/home/sebastian/Rails-Pipeline/tdd_rspec/config/application.rb": [
        1,
        null,
        1,
        null,
        1,
        1,
        1,
        1,
        1,
        1,
        1,
        1,
        null,
        null,
        null,
        null,
        1,
        null,
        1,
        1,
        null,
        1,
        1,
        null,
        null,
        null,
        null,
        null,
        null,
        1,
        null,
        null
      ],
      "/home/sebastian/Rails-Pipeline/tdd_rspec/config/boot.rb": [
        1,
        null,
        1
      ],
      "/home/sebastian/Rails-Pipeline/tdd_rspec/config/environments/test.rb": [
        1,
        null,
        null,
        null,
        null,
        null,
        null,
        1,
        null,
        null,
        null,
        null,
        1,
        null,
        null,
        1,
        1,
        null,
        null,
        null,
        null,
        1,
        1,
        null,
        null,
        1,
        null,
        null,
        1,
        1,
        null,
        null,
        null,
        null,
        1,
        null,
        null,
        1,
        null,
        null,
        null,
        null
      ],
      "/home/sebastian/Rails-Pipeline/tdd_rspec/config/initializers/application_controller_renderer.rb": [
        null,
        null,
        null,
        null,
        null,
        null,
        null,
        null
      ],
      "/home/sebastian/Rails-Pipeline/tdd_rspec/config/initializers/assets.rb": [
        null,
        null,
        null,
        1,
        null,
        null,
        null,
        null,
        1,
        null,
        null,
        null,
        null,
        null
      ],
      "/home/sebastian/Rails-Pipeline/tdd_rspec/config/initializers/backtrace_silencers.rb": [
        null,
        null,
        null,
        null,
        null,
        null,
        null
      ],
      "/home/sebastian/Rails-Pipeline/tdd_rspec/config/initializers/cookies_serializer.rb": [
        null,
        null,
        null,
        null,
        1
      ],
      "/home/sebastian/Rails-Pipeline/tdd_rspec/config/initializers/devise.rb": [
        null,
        null,
        1,
        null,
        null,
        null,
        null,
        null,
        null,
        null,
        null,
        null,
        null,
        null,
        1,
        null,
        null,
        null,
        null,
        null,
        null,
        null,
        null,
        null,
        null,
        null,
        1,
        null,
        null,
        null,
        null,
        null,
        null,
        null,
        null,
        null,
        null,
        null,
        null,
        null,
        null,
        null,
        null,
        null,
        null,
        null,
        null,
        null,
        1,
        null,
        null,
        null,
        null,
        1,
        null,
        null,
        null,
        null,
        null,
        null,
        null,
        null,
        null,
        null,
        null,
        null,
        null,
        null,
        null,
        null,
        null,
        null,
        null,
        null,
        null,
        null,
        null,
        null,
        null,
        null,
        null,
        null,
        null,
        null,
        1,
        null,
        null,
        null,
        null,
        null,
        null,
        null,
        null,
        null,
        null,
        null,
        null,
        null,
        null,
        null,
        null,
        null,
        null,
        null,
        null,
        null,
        null,
        1,
        null,
        null,
        null,
        null,
        null,
        null,
        null,
        null,
        null,
        null,
        null,
        null,
        null,
        null,
        null,
        null,
        null,
        null,
        null,
        null,
        null,
        null,
        null,
        null,
        null,
        null,
        null,
        null,
        null,
        null,
        1,
        null,
        null,
        null,
        null,
        null,
        null,
        null,
        null,
        null,
        1,
        null,
        null,
        null,
        null,
        null,
        null,
        null,
        null,
        null,
        null,
        1,
        null,
        null,
        null,
        null,
        1,
        null,
        null,
        null,
        null,
        null,
        null,
        null,
        null,
        null,
        null,
        null,
        null,
        null,
        null,
        null,
        null,
        null,
        null,
        null,
        null,
        null,
        null,
        null,
        null,
        null,
        null,
        null,
        null,
        null,
        null,
        null,
        null,
        null,
        null,
        null,
        null,
        null,
        null,
        null,
        null,
        1,
        null,
        null,
        null,
        null,
        null,
        null,
        null,
        null,
        null,
        null,
        null,
        null,
        null,
        null,
        null,
        null,
        null,
        null,
        null,
        null,
        null,
        null,
        null,
        null,
        null,
        null,
        null,
        null,
        null,
        null,
        null,
        null,
        null,
        null,
        null,
        null,
        null,
        null,
        null,
        null,
        null,
        1,
        null,
        null,
        null,
        null,
        null,
        null,
        null,
        null,
        null,
        null,
        null,
        null,
        null,
        null,
        null,
        null,
        null,
        null,
        null,
        null,
        null,
        null,
        null,
        null,
        null,
        null,
        null,
        null,
        null
      ],
      "/home/sebastian/Rails-Pipeline/tdd_rspec/config/initializers/filter_parameter_logging.rb": [
        null,
        null,
        null,
        1
      ],
      "/home/sebastian/Rails-Pipeline/tdd_rspec/config/initializers/inflections.rb": [
        null,
        null,
        null,
        null,
        null,
        null,
        null,
        null,
        null,
        null,
        null,
        null,
        null,
        null,
        null,
        null
      ],
      "/home/sebastian/Rails-Pipeline/tdd_rspec/config/initializers/mime_types.rb": [
        null,
        null,
        null,
        null
      ],
      "/home/sebastian/Rails-Pipeline/tdd_rspec/config/initializers/wrap_parameters.rb": [
        null,
        null,
        null,
        null,
        null,
        null,
        1,
        2,
        null,
        null,
        null,
        null,
        null,
        null
      ],
      "/home/sebastian/Rails-Pipeline/tdd_rspec/spec/factories/users.rb": [
        1,
        null,
        1,
        null,
        1,
        null,
        1,
        1,
        1,
        null,
        null,
        null,
        1,
        31,
        1,
        1,
        null,
        null,
        null
      ],
      "/home/sebastian/Rails-Pipeline/tdd_rspec/app/models/user.rb": [
        1,
        null,
        null,
        1,
        null,
        null,
        null,
        null,
        null,
        2,
        2,
        2,
        null,
        null
      ],
      "/home/sebastian/Rails-Pipeline/tdd_rspec/app/models/application_record.rb": [
        1,
        1,
        null
      ],
      "/home/sebastian/Rails-Pipeline/tdd_rspec/config/routes.rb": [
        1,
        null,
        1,
        null,
        null,
        null,
        null,
        null,
        null,
        null,
        null,
        null,
        1,
        null,
        null,
        1,
        1,
        null,
        null,
        null,
        1,
        null,
        null,
        null
      ],
      "/home/sebastian/Rails-Pipeline/tdd_rspec/app/helpers/application_helper.rb": [
        1,
        null
      ],
      "/home/sebastian/Rails-Pipeline/tdd_rspec/app/helpers/devise_helper.rb": [
        1,
        1,
        0,
        null,
        0,
        0,
        null,
        null,
        null,
        null,
        null,
        null,
        null,
        null,
        null,
        null,
        null,
        0,
        null,
        null
      ],
      "/home/sebastian/Rails-Pipeline/tdd_rspec/app/helpers/errors_helper.rb": [
        1,
        null
      ],
      "/home/sebastian/Rails-Pipeline/tdd_rspec/app/helpers/home_helper.rb": [
        1,
        null
      ],
      "/home/sebastian/Rails-Pipeline/tdd_rspec/app/controllers/errors_controller.rb": [
        1,
        1,
        1,
        null,
        null
      ],
      "/home/sebastian/Rails-Pipeline/tdd_rspec/app/controllers/application_controller.rb": [
        1,
        1,
        null
      ],
      "/home/sebastian/Rails-Pipeline/tdd_rspec/spec/controllers/home_controller_spec.rb": [
        1,
        null,
        1,
        null,
        1,
        2,
        null,
        null,
        1,
        1,
        null,
        1,
        null,
        1,
        1,
        null,
        null,
        null,
        1,
        1,
        null,
        null,
        null,
        null,
        null,
        1,
        null,
        1,
        1,
        null,
        1,
        1,
        1,
        null,
        null,
        null,
        null,
        null,
        1,
        null,
        1,
        1,
        1,
        1,
        null,
        null,
        null,
        1,
        1,
        1,
        null,
        null,
        null,
        null,
        null,
        1,
        1,
        null,
        1,
        null,
        1,
        null,
        null,
        null,
        null,
        null,
        null,
        null,
        null,
        null
      ],
      "/home/sebastian/Rails-Pipeline/tdd_rspec/app/controllers/home_controller.rb": [
        1,
        1,
        null,
        null,
        1,
        null,
        null,
        1,
        null,
        null,
        1,
        null,
        null,
        null
      ],
      "/home/sebastian/Rails-Pipeline/tdd_rspec/spec/features/user_sees_secret_page_spec.rb": [
        1,
        null,
        1,
        1,
        null,
        1,
        1,
        1,
        null,
        null,
        null,
        null
      ],
      "/home/sebastian/Rails-Pipeline/tdd_rspec/spec/features/user_spec.rb": [
        1,
        null,
        1,
        1,
        null,
        1,
        2,
        2,
        2,
        2,
        null,
        null,
        null,
        1,
        null,
        1,
        1,
        null,
        1,
        1,
        null,
        null,
        null,
        1,
        null,
        1,
        1,
        null,
        null,
        null,
        null,
        1,
        null,
        1,
        2,
        2,
        null,
        null,
        null,
        1,
        null,
        null,
        1,
        null,
        1,
        1,
        1,
        null,
        null,
        1,
        1,
        1,
        null,
        null,
        1,
        null,
        1,
        null,
        1,
        1,
        1,
        null,
        null,
        1,
        1,
        null,
        null,
        null,
        null,
        1,
        null,
        1,
        1,
        1,
        null,
        null,
        1,
        null,
        1,
        null,
        1,
        1,
        null,
        null,
        1,
        null,
        null,
        null,
        null,
        null,
        null,
        null
      ],
      "/home/sebastian/Rails-Pipeline/tdd_rspec/spec/features/visitor_gets_error_page_spec.rb": [
        1,
        null,
        null,
        1,
        null,
        1,
        1,
        null,
        1,
        null,
        null,
        1,
        1,
        null,
        null,
        null,
        null,
        null,
        null
      ],
      "/home/sebastian/Rails-Pipeline/tdd_rspec/spec/helpers/errors_helper_spec.rb": [
        1,
        null,
        null,
        null,
        null,
        null,
        null,
        null,
        null,
        null,
        null,
        null,
        1,
        1,
        null
      ],
      "/home/sebastian/Rails-Pipeline/tdd_rspec/spec/helpers/home_helper_spec.rb": [
        1,
        null,
        null,
        null,
        null,
        null,
        null,
        null,
        null,
        null,
        null,
        null,
        1,
        1,
        null
      ],
      "/home/sebastian/Rails-Pipeline/tdd_rspec/spec/models/user_spec.rb": [
        1,
        null,
        null,
        null,
        null,
        null,
        null,
        null,
        null,
        null,
        null,
        null,
        null,
        null,
        null,
        null,
        null,
        null,
        null,
        1,
        null,
        1,
        4,
        null,
        1,
        null,
        1,
        null,
        1,
        null,
        null,
        1,
        null,
        1,
        null,
        1,
        null,
        null,
        1,
        null,
        1,
        null,
        null,
        null,
        null,
        1,
        4,
        1,
        9,
        12,
        null,
        null,
        1,
        null,
        1,
        null,
        null,
        1,
        null,
        1,
        null,
        null,
        1,
        null,
        1,
        null,
        null,
        null,
        null
      ],
      "/home/sebastian/Rails-Pipeline/tdd_rspec/spec/views/home/index.html.erb_spec.rb": [
        1,
        null,
        1,
        null,
        null,
        null,
        1,
        2,
        null,
        null,
        1,
        1,
        1,
        null,
        1,
        null,
        1,
        null,
        null,
        null,
        1,
        1,
        null,
        1,
        null,
        1,
        null,
        null,
        null,
        null
      ]
    },
    "timestamp": 1516305146
  }
}
